[debug] [2026-03-07T11:15:44.097Z] ----------------------------------------------------------------------
[debug] [2026-03-07T11:15:44.098Z] Command:       /opt/homebrew/Cellar/node/25.6.1_1/bin/node /opt/homebrew/bin/firebase deploy --only hosting
[debug] [2026-03-07T11:15:44.098Z] CLI Version:   14.24.1
[debug] [2026-03-07T11:15:44.098Z] Platform:      darwin
[debug] [2026-03-07T11:15:44.098Z] Node Version:  v25.6.1
[debug] [2026-03-07T11:15:44.098Z] Time:          Sat Mar 07 2026 16:45:44 GMT+0530 (India Standard Time)
[debug] [2026-03-07T11:15:44.098Z] ----------------------------------------------------------------------
[debug] 
[debug] [2026-03-07T11:15:44.171Z] > command requires scopes: ["email","openid","https://www.googleapis.com/auth/cloudplatformprojects.readonly","https://www.googleapis.com/auth/firebase","https://www.googleapis.com/auth/cloud-platform"]
[debug] [2026-03-07T11:15:44.172Z] > authorizing via signed-in user (rajrohit2311@gmail.com)
[debug] [2026-03-07T11:15:44.172Z] [iam] checking project delighter for permissions ["firebase.projects.get","firebasehosting.sites.update"]
[debug] [2026-03-07T11:15:44.172Z] Checked if tokens are valid: true, expires at: 1772885639442
[debug] [2026-03-07T11:15:44.172Z] Checked if tokens are valid: true, expires at: 1772885639442
[debug] [2026-03-07T11:15:44.172Z] >>> [apiv2][query] POST https://cloudresourcemanager.googleapis.com/v1/projects/delighter:testIamPermissions [none]
[debug] [2026-03-07T11:15:44.172Z] >>> [apiv2][(partial)header] POST https://cloudresourcemanager.googleapis.com/v1/projects/delighter:testIamPermissions x-goog-quota-user=projects/delighter
[debug] [2026-03-07T11:15:44.172Z] >>> [apiv2][body] POST https://cloudresourcemanager.googleapis.com/v1/projects/delighter:testIamPermissions {"permissions":["firebase.projects.get","firebasehosting.sites.update"]}
[debug] [2026-03-07T11:15:45.840Z] <<< [apiv2][status] POST https://cloudresourcemanager.googleapis.com/v1/projects/delighter:testIamPermissions 200
[debug] [2026-03-07T11:15:45.840Z] <<< [apiv2][body] POST https://cloudresourcemanager.googleapis.com/v1/projects/delighter:testIamPermissions {"permissions":["firebase.projects.get","firebasehosting.sites.update"]}
[debug] [2026-03-07T11:15:45.840Z] Checked if tokens are valid: true, expires at: 1772885639442
[debug] [2026-03-07T11:15:45.840Z] Checked if tokens are valid: true, expires at: 1772885639442
[debug] [2026-03-07T11:15:45.841Z] >>> [apiv2][query] GET https://firebase.googleapis.com/v1beta1/projects/delighter [none]
[debug] [2026-03-07T11:15:46.843Z] <<< [apiv2][status] GET https://firebase.googleapis.com/v1beta1/projects/delighter 200
[debug] [2026-03-07T11:15:46.843Z] <<< [apiv2][body] GET https://firebase.googleapis.com/v1beta1/projects/delighter {"projectId":"delighter","projectNumber":"826720470395","displayName":"Delighter","name":"projects/delighter","resources":{"hostingSite":"delighter"},"state":"ACTIVE","etag":"1_df654fd6-401b-468e-b2db-a4d1f191f7b1"}
[info] 
[info] === Deploying to 'delighter'...
[info] 
[info] i  deploying hosting 
[debug] [2026-03-07T11:15:46.845Z] Checked if tokens are valid: true, expires at: 1772885639442
[debug] [2026-03-07T11:15:46.845Z] Checked if tokens are valid: true, expires at: 1772885639442
[debug] [2026-03-07T11:15:46.845Z] >>> [apiv2][query] POST https://firebasehosting.googleapis.com/v1beta1/projects/-/sites/delighter/versions [none]
[debug] [2026-03-07T11:15:46.845Z] >>> [apiv2][body] POST https://firebasehosting.googleapis.com/v1beta1/projects/-/sites/delighter/versions {"status":"CREATED","labels":{"deployment-tool":"cli-firebase"}}
[debug] [2026-03-07T11:15:48.745Z] <<< [apiv2][status] POST https://firebasehosting.googleapis.com/v1beta1/projects/-/sites/delighter/versions 200
[debug] [2026-03-07T11:15:48.745Z] <<< [apiv2][body] POST https://firebasehosting.googleapis.com/v1beta1/projects/-/sites/delighter/versions {"name":"projects/826720470395/sites/delighter/versions/e817035d060f437f","status":"CREATED","config":{},"labels":{"deployment-tool":"cli-firebase"}}
[info] i  hosting[delighter]: beginning deploy... 
[info] i  hosting[delighter]: found 7 files in frontend/dist 
[debug] [2026-03-07T11:15:48.750Z] [hosting] uploading with 200 concurrency
[debug] [2026-03-07T11:15:48.751Z] Checked if tokens are valid: true, expires at: 1772885639442
[debug] [2026-03-07T11:15:48.751Z] Checked if tokens are valid: true, expires at: 1772885639442
[debug] [2026-03-07T11:15:48.751Z] [hosting] hash cache [ZnJvbnRlbmQvZGlzdA] stored for 7 files
[debug] [2026-03-07T11:15:48.751Z] [hosting][hash queue][FINAL] {"max":0,"min":0,"avg":0,"active":0,"complete":7,"success":7,"errored":0,"retried":0,"total":7,"elapsed":0}
[debug] [2026-03-07T11:15:48.751Z] >>> [apiv2][query] POST https://firebasehosting.googleapis.com/v1beta1/projects/826720470395/sites/delighter/versions/e817035d060f437f:populateFiles [none]
[debug] [2026-03-07T11:15:48.751Z] >>> [apiv2][body] POST https://firebasehosting.googleapis.com/v1beta1/projects/826720470395/sites/delighter/versions/e817035d060f437f:populateFiles {"files":{"/vite.svg":"d3bbbc44b3ea71906a72bf2ec1a4716903e2e3d9f85a5007205a65d1f12e2923","/index.html":"a6195d5b104f0676724290c0eebd471a466d8948404c328173f7f62c5649a9fb","/images/panda_mugs.png":"69d79b0612440c07c25fc61bbee6973721cd6b51c49f4d51fff685cb438c6300","/images/naruto_mousepad.png":"2d0e67c05b310480cc00d7e4b02755d0adb5316dd917b0e8e4bc6230a410ff2f","/images/killua_shirt.png":"139cae603e58172a41fe1f46123955963062959265f5c76236f18b44ce8ca7d1","/assets/index-CyH4xDhW.css":"54518ed55fed3cfda2544e9d1e442441f14b629d38d8885e8196bc25fa1504ac","/assets/index-BsE1ZKKT.js":"32ac1815301758b47d8bd622249d7bab46f8aa99c0b427e6eee39e71b7280532"}}
[debug] [2026-03-07T11:15:49.700Z] <<< [apiv2][status] POST https://firebasehosting.googleapis.com/v1beta1/projects/826720470395/sites/delighter/versions/e817035d060f437f:populateFiles 200
[debug] [2026-03-07T11:15:49.700Z] <<< [apiv2][body] POST https://firebasehosting.googleapis.com/v1beta1/projects/826720470395/sites/delighter/versions/e817035d060f437f:populateFiles {"uploadUrl":"https://upload-firebasehosting.googleapis.com/upload/sites/delighter/versions/e817035d060f437f/files"}
[debug] [2026-03-07T11:15:49.700Z] [hosting][populate queue][FINAL] {"max":949,"min":949,"avg":949,"active":0,"complete":1,"success":1,"errored":0,"retried":0,"total":1,"elapsed":949}
[debug] [2026-03-07T11:15:49.700Z] [hosting] uploads queued: 0
[debug] [2026-03-07T11:15:49.700Z] [hosting][upload queue][FINAL] {"max":0,"min":9999999999,"avg":0,"active":0,"complete":0,"success":0,"errored":0,"retried":0,"total":0,"elapsed":1772882149700}
[info] i  hosting: upload complete 
[info] ✔  hosting[delighter]: file upload complete 
[debug] [2026-03-07T11:15:49.701Z] [hosting] deploy completed after 955ms
[debug] [2026-03-07T11:15:49.701Z] [
  {
    "config": {
      "public": "frontend/dist",
      "ignore": [
        "firebase.json",
        "**/.*",
        "**/node_modules/**"
      ],
      "rewrites": [
        {
          "source": "**",
          "destination": "/index.html"
        }
      ],
      "headers": [
        {
          "source": "**/*.@(js|css|map)",
          "headers": [
            {
              "key": "Cache-Control",
              "value": "max-age=31536000"
            }
          ]
        },
        {
          "source": "**",
          "headers": [
            {
              "key": "X-Frame-Options",
              "value": "SAMEORIGIN"
            },
            {
              "key": "X-Content-Type-Options",
              "value": "nosniff"
            }
          ]
        }
      ],
      "site": "delighter"
    },
    "version": "projects/826720470395/sites/delighter/versions/e817035d060f437f"
  }
]
[info] i  hosting[delighter]: finalizing version... 
[debug] [2026-03-07T11:15:49.701Z] Checked if tokens are valid: true, expires at: 1772885639442
[debug] [2026-03-07T11:15:49.701Z] Checked if tokens are valid: true, expires at: 1772885639442
[debug] [2026-03-07T11:15:49.701Z] >>> [apiv2][query] PATCH https://firebasehosting.googleapis.com/v1beta1/projects/-/sites/delighter/versions/e817035d060f437f updateMask=status%2Cconfig
[debug] [2026-03-07T11:15:49.701Z] >>> [apiv2][body] PATCH https://firebasehosting.googleapis.com/v1beta1/projects/-/sites/delighter/versions/e817035d060f437f {"status":"FINALIZED","config":{"rewrites":[{"glob":"**","path":"/index.html"}],"headers":[{"glob":"**/*.@(js|css|map)","headers":{"Cache-Control":"max-age=31536000"}},{"glob":"**","headers":{"X-Frame-Options":"SAMEORIGIN","X-Content-Type-Options":"nosniff"}}]}}
[debug] [2026-03-07T11:15:50.650Z] <<< [apiv2][status] PATCH https://firebasehosting.googleapis.com/v1beta1/projects/-/sites/delighter/versions/e817035d060f437f 200
[debug] [2026-03-07T11:15:50.650Z] <<< [apiv2][body] PATCH https://firebasehosting.googleapis.com/v1beta1/projects/-/sites/delighter/versions/e817035d060f437f {"name":"projects/826720470395/sites/delighter/versions/e817035d060f437f","status":"FINALIZED","config":{"headers":[{"headers":{"Cache-Control":"max-age=31536000"},"glob":"**/*.@(js|css|map)"},{"headers":{"X-Frame-Options":"SAMEORIGIN","X-Content-Type-Options":"nosniff"},"glob":"**"}],"rewrites":[{"glob":"**","path":"/index.html"}]},"labels":{"deployment-tool":"cli-firebase"},"createTime":"2026-03-07T11:15:48.131723Z","createUser":{"email":"rajrohit2311@gmail.com"},"finalizeTime":"2026-03-07T11:15:50.420107Z","finalizeUser":{"email":"rajrohit2311@gmail.com"}}
[debug] [2026-03-07T11:15:50.651Z] [hosting] finalized version for delighter:[object Object]
[info] ✔  hosting[delighter]: version finalized 
[info] i  hosting[delighter]: releasing new version... 
[debug] [2026-03-07T11:15:50.651Z] Checked if tokens are valid: true, expires at: 1772885639442
[debug] [2026-03-07T11:15:50.651Z] Checked if tokens are valid: true, expires at: 1772885639442
[debug] [2026-03-07T11:15:50.651Z] >>> [apiv2][query] POST https://firebasehosting.googleapis.com/v1beta1/projects/-/sites/delighter/channels/live/releases versionName=projects%2F826720470395%2Fsites%2Fdelighter%2Fversions%2Fe817035d060f437f
[debug] [2026-03-07T11:15:50.651Z] >>> [apiv2][body] POST https://firebasehosting.googleapis.com/v1beta1/projects/-/sites/delighter/channels/live/releases {}
[debug] [2026-03-07T11:15:51.514Z] <<< [apiv2][status] POST https://firebasehosting.googleapis.com/v1beta1/projects/-/sites/delighter/channels/live/releases 200
[debug] [2026-03-07T11:15:51.514Z] <<< [apiv2][body] POST https://firebasehosting.googleapis.com/v1beta1/projects/-/sites/delighter/channels/live/releases {"name":"projects/826720470395/sites/delighter/channels/live/releases/1772882150658000","version":{"name":"projects/826720470395/sites/delighter/versions/e817035d060f437f","status":"FINALIZED","config":{"headers":[{"headers":{"Cache-Control":"max-age=31536000"},"glob":"**/*.@(js|css|map)"},{"headers":{"X-Frame-Options":"SAMEORIGIN","X-Content-Type-Options":"nosniff"},"glob":"**"}],"rewrites":[{"glob":"**","path":"/index.html"}]},"labels":{"deployment-tool":"cli-firebase"},"createTime":"2026-03-07T11:15:48.131723Z","createUser":{"email":"rajrohit2311@gmail.com","imageUrl":"https://lh3.googleusercontent.com/a/ACg8ocIi8iBsrGh56tmIb9fQAUBLv9JZFqqf_NVDEl4nEickqvaUCA=mo"},"finalizeTime":"2026-03-07T11:15:50.420107Z","finalizeUser":{"email":"rajrohit2311@gmail.com","imageUrl":"https://lh3.googleusercontent.com/a/ACg8ocIi8iBsrGh56tmIb9fQAUBLv9JZFqqf_NVDEl4nEickqvaUCA=mo"}},"type":"DEPLOY","releaseTime":"2026-03-07T11:15:50.658Z","releaseUser":{"email":"rajrohit2311@gmail.com","imageUrl":"https://lh3.googleusercontent.com/a/ACg8ocIi8iBsrGh56tmIb9fQAUBLv9JZFqqf_NVDEl4nEickqvaUCA=mo"}}
[debug] [2026-03-07T11:15:51.514Z] [hosting] release: {"name":"projects/826720470395/sites/delighter/channels/live/releases/1772882150658000","version":{"name":"projects/826720470395/sites/delighter/versions/e817035d060f437f","status":"FINALIZED","config":{"headers":[{"headers":{"Cache-Control":"max-age=31536000"},"glob":"**/*.@(js|css|map)"},{"headers":{"X-Frame-Options":"SAMEORIGIN","X-Content-Type-Options":"nosniff"},"glob":"**"}],"rewrites":[{"glob":"**","path":"/index.html"}]},"labels":{"deployment-tool":"cli-firebase"},"createTime":"2026-03-07T11:15:48.131723Z","createUser":{"email":"rajrohit2311@gmail.com","imageUrl":"https://lh3.googleusercontent.com/a/ACg8ocIi8iBsrGh56tmIb9fQAUBLv9JZFqqf_NVDEl4nEickqvaUCA=mo"},"finalizeTime":"2026-03-07T11:15:50.420107Z","finalizeUser":{"email":"rajrohit2311@gmail.com","imageUrl":"https://lh3.googleusercontent.com/a/ACg8ocIi8iBsrGh56tmIb9fQAUBLv9JZFqqf_NVDEl4nEickqvaUCA=mo"}},"type":"DEPLOY","releaseTime":"2026-03-07T11:15:50.658Z","releaseUser":{"email":"rajrohit2311@gmail.com","imageUrl":"https://lh3.googleusercontent.com/a/ACg8ocIi8iBsrGh56tmIb9fQAUBLv9JZFqqf_NVDEl4nEickqvaUCA=mo"}}
[info] ✔  hosting[delighter]: release complete 
[info] 
[info] ✔  Deploy complete! 
[info] 
[info] Project Console: https://console.firebase.google.com/project/delighter/overview
[info] Hosting URL: https://delighter.web.app
[debug] [2026-03-07T11:15:57.104Z] Error: Timed out.
    at Timeout._onTimeout (/opt/homebrew/lib/node_modules/firebase-tools/lib/utils.js:275:49)
    at listOnTimeout (node:internal/timers:605:17)
    at process.processTimers (node:internal/timers:541:7)
[error] 
[error] Error: An unexpected error has occurred.
